{"/home/thiago/Documentos/curso-node/03-api-solid/src/generated/prisma/client.ts": {"path":"/home/thiago/Documentos/curso-node/03-api-solid/src/generated/prisma/client.ts","statementMap":{"0":{"start":{"line":16,"column":0},"end":{"line":16,"column":null}},"1":{"start":{"line":40,"column":28},"end":{"line":40,"column":null}}},"fnMap":{},"branchMap":{},"s":{"0":1,"1":1},"f":{},"b":{},"meta":{"lastBranch":0,"lastFunction":0,"lastStatement":2,"seen":{"s:16:0:16:Infinity":0,"s:40:28:40:Infinity":1},"fnNames":{}}}
,"/home/thiago/Documentos/curso-node/03-api-solid/src/generated/prisma/enums.ts": {"path":"/home/thiago/Documentos/curso-node/03-api-solid/src/generated/prisma/enums.ts","statementMap":{},"fnMap":{},"branchMap":{},"s":{},"f":{},"b":{},"meta":{"lastBranch":0,"lastFunction":0,"lastStatement":0,"seen":{},"fnNames":{}}}
,"/home/thiago/Documentos/curso-node/03-api-solid/src/generated/prisma/internal/class.ts": {"path":"/home/thiago/Documentos/curso-node/03-api-solid/src/generated/prisma/internal/class.ts","statementMap":{"0":{"start":{"line":18,"column":46},"end":{"line":33,"column":null}},"1":{"start":{"line":35,"column":0},"end":{"line":35,"column":null}},"2":{"start":{"line":36,"column":0},"end":{"line":39,"column":null}},"3":{"start":{"line":42,"column":21},"end":{"line":42,"column":null}},"4":{"start":{"line":43,"column":20},"end":{"line":43,"column":null}},"5":{"start":{"line":44,"column":2},"end":{"line":44,"column":null}},"6":{"start":{"line":47,"column":0},"end":{"line":56,"column":null}},"7":{"start":{"line":48,"column":26},"end":{"line":48,"column":null}},"8":{"start":{"line":51,"column":21},"end":{"line":51,"column":null}},"9":{"start":{"line":52,"column":4},"end":{"line":52,"column":null}},"10":{"start":{"line":223,"column":2},"end":{"line":223,"column":null}}},"fnMap":{"0":{"name":"decodeBase64AsWasm","decl":{"start":{"line":41,"column":15},"end":{"line":41,"column":34}},"loc":{"start":{"line":41,"column":83},"end":{"line":45,"column":null}},"line":41},"1":{"name":"(anonymous_1)","decl":{"start":{"line":48,"column":14},"end":{"line":48,"column":26}},"loc":{"start":{"line":48,"column":26},"end":{"line":48,"column":null}},"line":48},"2":{"name":"(anonymous_2)","decl":{"start":{"line":50,"column":30},"end":{"line":50,"column":42}},"loc":{"start":{"line":50,"column":42},"end":{"line":53,"column":null}},"line":50},"3":{"name":"getPrismaClientClass","decl":{"start":{"line":222,"column":16},"end":{"line":222,"column":64}},"loc":{"start":{"line":222,"column":64},"end":{"line":224,"column":null}},"line":222}},"branchMap":{},"s":{"0":1,"1":1,"2":1,"3":0,"4":0,"5":0,"6":1,"7":0,"8":0,"9":0,"10":1},"f":{"0":0,"1":0,"2":0,"3":1},"b":{},"meta":{"lastBranch":0,"lastFunction":4,"lastStatement":11,"seen":{"s:18:46:33:Infinity":0,"s:35:0:35:Infinity":1,"s:36:0:39:Infinity":2,"f:41:15:41:34":0,"s:42:21:42:Infinity":3,"s:43:20:43:Infinity":4,"s:44:2:44:Infinity":5,"s:47:0:56:Infinity":6,"f:48:14:48:26":1,"s:48:26:48:Infinity":7,"f:50:30:50:42":2,"s:51:21:51:Infinity":8,"s:52:4:52:Infinity":9,"f:222:16:222:64":3,"s:223:2:223:Infinity":10},"fnNames":{}}}
,"/home/thiago/Documentos/curso-node/03-api-solid/src/generated/prisma/internal/prismaNamespace.ts": {"path":"/home/thiago/Documentos/curso-node/03-api-solid/src/generated/prisma/internal/prismaNamespace.ts","statementMap":{"0":{"start":{"line":32,"column":45},"end":{"line":32,"column":null}},"1":{"start":{"line":35,"column":47},"end":{"line":35,"column":null}},"2":{"start":{"line":38,"column":42},"end":{"line":38,"column":null}},"3":{"start":{"line":41,"column":47},"end":{"line":41,"column":null}},"4":{"start":{"line":44,"column":43},"end":{"line":44,"column":null}},"5":{"start":{"line":50,"column":19},"end":{"line":50,"column":null}},"6":{"start":{"line":51,"column":21},"end":{"line":51,"column":null}},"7":{"start":{"line":52,"column":20},"end":{"line":52,"column":null}},"8":{"start":{"line":53,"column":19},"end":{"line":53,"column":null}},"9":{"start":{"line":54,"column":19},"end":{"line":54,"column":null}},"10":{"start":{"line":62,"column":23},"end":{"line":62,"column":null}},"11":{"start":{"line":71,"column":35},"end":{"line":71,"column":null}},"12":{"start":{"line":86,"column":44},"end":{"line":89,"column":null}},"13":{"start":{"line":104,"column":25},"end":{"line":108,"column":null}},"14":{"start":{"line":114,"column":22},"end":{"line":114,"column":null}},"15":{"start":{"line":121,"column":24},"end":{"line":121,"column":null}},"16":{"start":{"line":128,"column":23},"end":{"line":128,"column":null}},"17":{"start":{"line":399,"column":25},"end":{"line":403,"column":null}},"18":{"start":{"line":673,"column":41},"end":{"line":678,"column":null}},"19":{"start":{"line":683,"column":35},"end":{"line":689,"column":null}},"20":{"start":{"line":694,"column":38},"end":{"line":700,"column":null}},"21":{"start":{"line":705,"column":34},"end":{"line":712,"column":null}},"22":{"start":{"line":717,"column":25},"end":{"line":720,"column":null}},"23":{"start":{"line":725,"column":25},"end":{"line":728,"column":null}},"24":{"start":{"line":733,"column":26},"end":{"line":736,"column":null}},"25":{"start":{"line":809,"column":31},"end":{"line":809,"column":null}}},"fnMap":{},"branchMap":{},"s":{"0":1,"1":1,"2":1,"3":1,"4":1,"5":1,"6":1,"7":1,"8":1,"9":1,"10":1,"11":1,"12":1,"13":1,"14":1,"15":1,"16":1,"17":1,"18":1,"19":1,"20":1,"21":1,"22":1,"23":1,"24":1,"25":1},"f":{},"b":{},"meta":{"lastBranch":0,"lastFunction":0,"lastStatement":26,"seen":{"s:32:45:32:Infinity":0,"s:35:47:35:Infinity":1,"s:38:42:38:Infinity":2,"s:41:47:41:Infinity":3,"s:44:43:44:Infinity":4,"s:50:19:50:Infinity":5,"s:51:21:51:Infinity":6,"s:52:20:52:Infinity":7,"s:53:19:53:Infinity":8,"s:54:19:54:Infinity":9,"s:62:23:62:Infinity":10,"s:71:35:71:Infinity":11,"s:86:44:89:Infinity":12,"s:104:25:108:Infinity":13,"s:114:22:114:Infinity":14,"s:121:24:121:Infinity":15,"s:128:23:128:Infinity":16,"s:399:25:403:Infinity":17,"s:673:41:678:Infinity":18,"s:683:35:689:Infinity":19,"s:694:38:700:Infinity":20,"s:705:34:712:Infinity":21,"s:717:25:720:Infinity":22,"s:725:25:728:Infinity":23,"s:733:26:736:Infinity":24,"s:809:31:809:Infinity":25},"fnNames":{}}}
,"/home/thiago/Documentos/curso-node/03-api-solid/src/lib/prisma.ts": {"path":"/home/thiago/Documentos/curso-node/03-api-solid/src/lib/prisma.ts","statementMap":{"0":{"start":{"line":5,"column":16},"end":{"line":7,"column":null}},"1":{"start":{"line":9,"column":12},"end":{"line":9,"column":null}},"2":{"start":{"line":11,"column":22},"end":{"line":14,"column":null}}},"fnMap":{},"branchMap":{"0":{"loc":{"start":{"line":13,"column":6},"end":{"line":13,"column":null}},"type":"cond-expr","locations":[{"start":{"line":13,"column":31},"end":{"line":13,"column":43}},{"start":{"line":13,"column":43},"end":{"line":13,"column":null}}],"line":13}},"s":{"0":1,"1":1,"2":1},"f":{},"b":{"0":[0,1]},"meta":{"lastBranch":1,"lastFunction":0,"lastStatement":3,"seen":{"s:5:16:7:Infinity":0,"s:9:12:9:Infinity":1,"s:11:22:14:Infinity":2,"b:13:31:13:43:13:43:13:Infinity":0},"fnNames":{}}}
,"/home/thiago/Documentos/curso-node/03-api-solid/src/repositories/in-memory/in-memory-users-repository.ts": {"path":"/home/thiago/Documentos/curso-node/03-api-solid/src/repositories/in-memory/in-memory-users-repository.ts","statementMap":{"0":{"start":{"line":5,"column":24},"end":{"line":5,"column":null}},"1":{"start":{"line":8,"column":15},"end":{"line":8,"column":null}},"2":{"start":{"line":8,"column":41},"end":{"line":8,"column":61}},"3":{"start":{"line":9,"column":2},"end":{"line":11,"column":null}},"4":{"start":{"line":10,"column":3},"end":{"line":10,"column":null}},"5":{"start":{"line":12,"column":2},"end":{"line":12,"column":null}},"6":{"start":{"line":16,"column":15},"end":{"line":22,"column":null}},"7":{"start":{"line":23,"column":2},"end":{"line":23,"column":null}},"8":{"start":{"line":24,"column":2},"end":{"line":24,"column":null}}},"fnMap":{"0":{"name":"findByEmail","decl":{"start":{"line":7,"column":7},"end":{"line":7,"column":19}},"loc":{"start":{"line":7,"column":56},"end":{"line":13,"column":null}},"line":7},"1":{"name":"(anonymous_1)","decl":{"start":{"line":8,"column":26},"end":{"line":8,"column":32}},"loc":{"start":{"line":8,"column":41},"end":{"line":8,"column":61}},"line":8},"2":{"name":"create","decl":{"start":{"line":15,"column":7},"end":{"line":15,"column":14}},"loc":{"start":{"line":15,"column":59},"end":{"line":25,"column":null}},"line":15}},"branchMap":{"0":{"loc":{"start":{"line":9,"column":2},"end":{"line":11,"column":null}},"type":"if","locations":[{"start":{"line":9,"column":2},"end":{"line":11,"column":null}},{"start":{},"end":{}}],"line":9}},"s":{"0":3,"1":4,"2":1,"3":4,"4":3,"5":1,"6":3,"7":3,"8":3},"f":{"0":4,"1":1,"2":3},"b":{"0":[3,1]},"meta":{"lastBranch":1,"lastFunction":3,"lastStatement":9,"seen":{"s:5:24:5:Infinity":0,"f:7:7:7:19":0,"s:8:15:8:Infinity":1,"f:8:26:8:32":1,"s:8:41:8:61":2,"b:9:2:11:Infinity:undefined:undefined:undefined:undefined":0,"s:9:2:11:Infinity":3,"s:10:3:10:Infinity":4,"s:12:2:12:Infinity":5,"f:15:7:15:14":2,"s:16:15:22:Infinity":6,"s:23:2:23:Infinity":7,"s:24:2:24:Infinity":8},"fnNames":{}}}
,"/home/thiago/Documentos/curso-node/03-api-solid/src/repositories/prisma/prisma-users-repository.ts": {"path":"/home/thiago/Documentos/curso-node/03-api-solid/src/repositories/prisma/prisma-users-repository.ts","statementMap":{"0":{"start":{"line":6,"column":15},"end":{"line":8,"column":null}},"1":{"start":{"line":9,"column":2},"end":{"line":9,"column":null}},"2":{"start":{"line":13,"column":15},"end":{"line":15,"column":null}},"3":{"start":{"line":16,"column":2},"end":{"line":16,"column":null}}},"fnMap":{"0":{"name":"findByEmail","decl":{"start":{"line":5,"column":7},"end":{"line":5,"column":19}},"loc":{"start":{"line":5,"column":34},"end":{"line":10,"column":null}},"line":5},"1":{"name":"create","decl":{"start":{"line":12,"column":7},"end":{"line":12,"column":14}},"loc":{"start":{"line":12,"column":44},"end":{"line":17,"column":null}},"line":12}},"branchMap":{},"s":{"0":0,"1":0,"2":0,"3":0},"f":{"0":0,"1":0},"b":{},"meta":{"lastBranch":0,"lastFunction":2,"lastStatement":4,"seen":{"f:5:7:5:19":0,"s:6:15:8:Infinity":0,"s:9:2:9:Infinity":1,"f:12:7:12:14":1,"s:13:15:15:Infinity":2,"s:16:2:16:Infinity":3},"fnNames":{}}}
,"/home/thiago/Documentos/curso-node/03-api-solid/src/use-cases/register.ts": {"path":"/home/thiago/Documentos/curso-node/03-api-solid/src/use-cases/register.ts","statementMap":{"0":{"start":{"line":21,"column":21},"end":{"line":21,"column":55}},"1":{"start":{"line":27,"column":24},"end":{"line":27,"column":null}},"2":{"start":{"line":29,"column":28},"end":{"line":29,"column":null}},"3":{"start":{"line":31,"column":2},"end":{"line":33,"column":null}},"4":{"start":{"line":32,"column":3},"end":{"line":32,"column":null}},"5":{"start":{"line":37,"column":15},"end":{"line":41,"column":null}},"6":{"start":{"line":43,"column":2},"end":{"line":45,"column":null}}},"fnMap":{"0":{"name":"constructor","decl":{"start":{"line":21,"column":1},"end":{"line":21,"column":13}},"loc":{"start":{"line":21,"column":55},"end":{"line":21,"column":null}},"line":21},"1":{"name":"execute","decl":{"start":{"line":22,"column":7},"end":{"line":22,"column":15}},"loc":{"start":{"line":26,"column":62},"end":{"line":46,"column":null}},"line":26}},"branchMap":{"0":{"loc":{"start":{"line":31,"column":2},"end":{"line":33,"column":null}},"type":"if","locations":[{"start":{"line":31,"column":2},"end":{"line":33,"column":null}},{"start":{},"end":{}}],"line":31}},"s":{"0":3,"1":4,"2":4,"3":4,"4":1,"5":3,"6":3},"f":{"0":3,"1":4},"b":{"0":[1,3]},"meta":{"lastBranch":1,"lastFunction":2,"lastStatement":7,"seen":{"f:21:1:21:13":0,"s:21:21:21:55":0,"f:22:7:22:15":1,"s:27:24:27:Infinity":1,"s:29:28:29:Infinity":2,"b:31:2:33:Infinity:undefined:undefined:undefined:undefined":0,"s:31:2:33:Infinity":3,"s:32:3:32:Infinity":4,"s:37:15:41:Infinity":5,"s:43:2:45:Infinity":6},"fnNames":{}}}
,"/home/thiago/Documentos/curso-node/03-api-solid/src/use-cases/erros/user-already-exists-error.ts": {"path":"/home/thiago/Documentos/curso-node/03-api-solid/src/use-cases/erros/user-already-exists-error.ts","statementMap":{"0":{"start":{"line":3,"column":2},"end":{"line":3,"column":null}}},"fnMap":{"0":{"name":"constructor","decl":{"start":{"line":2,"column":1},"end":{"line":2,"column":12}},"loc":{"start":{"line":2,"column":15},"end":{"line":4,"column":null}},"line":2}},"branchMap":{},"s":{"0":1},"f":{"0":1},"b":{},"meta":{"lastBranch":0,"lastFunction":1,"lastStatement":1,"seen":{"f:2:1:2:12":0,"s:3:2:3:Infinity":0},"fnNames":{}}}
}
